[web.archive.org/web/20201203095832/https_/adeolaadeoti.netlify.app/index.html]
[archive.org/includes/analytics2a5b.js]
[web.archive.org/_static/js/bundle-playback6a98.js]
[web.archive.org/_static/js/wombat92fe.js]
[web.archive.org/_static/css/banner-styles4926.css]
[backblue.gif]
[fade.gif]
[index.html]
[web.archive.org/_static/css/iconochive8307.css]
[web.archive.org/web/20200801182938im_/https_/adeolaadeoti.netlify.app/favicon.ac120b51.png]
[web.archive.org/web/20200801182947cs_/https_/adeolaadeoti.netlify.app/src.ab891ce8.css]
[web.archive.org/_static/images/toolbar/wayback-toolbar-logo-200.png]
[web.archive.org/_static/images/toolbar/wm_tb_prv_on.png]
[web.archive.org/_static/images/toolbar/wm_tb_nxt_on.png]
[wiki.archiveteam.org/e/e6/Archiveteam.e.delayed]
[web.archive.org/_static/images/loading.gif]
[web.archive.org/web/20201204071308js_/https_/cdnjs.cloudflare.com/ajax/libs/gsap/3.3.1/gsap.min.js]
[web.archive.org/web/20201203095832/https_/adeolaadeoti.netlify.app/index.html]
[analytics.archive.org/0.gif]
[archive.org/includes/analytics2a5b.js]
[web.archive.org/web/20200801183028js_/https_/adeolaadeoti.netlify.app/src.ba611162.js]
[web.archive.org/_static/css/banner-styles4926.css]
[web.archive.org/_static/css/iconochive8307.css]
[web.archive.org/web/20200801182947cs_/https_/adeolaadeoti.netlify.app/src.ab891ce8.css]
[wiki.archiveteam.org/e/e6/Archiveteam.html]
[web.archive.org/_static/css/record.css]
[web.archive.org/_static/css/record.css]
